2023-08-17 10:15:43.796  INFO 21656 --- [restartedMain] com.yc.AppMain                           : Starting AppMain using Java 1.8.0_65 on LAPTOP-OC989JC0 with PID 21656 (D:\ideaProject\boot125_2\target\classes started by 回忆 in D:\ideaProject\boot125_2)
2023-08-17 10:15:43.802  INFO 21656 --- [restartedMain] com.yc.AppMain                           : No active profile set, falling back to 1 default profile: "default"
2023-08-17 10:15:43.873  INFO 21656 --- [restartedMain] .e.DevToolsPropertyDefaultsPostProcessor : Devtools property defaults active! Set 'spring.devtools.add-properties' to 'false' to disable
2023-08-17 10:15:43.874  INFO 21656 --- [restartedMain] .e.DevToolsPropertyDefaultsPostProcessor : For additional web related logging consider setting the 'logging.level.web' property to 'DEBUG'
2023-08-17 10:15:44.857  INFO 21656 --- [restartedMain] .s.d.r.c.RepositoryConfigurationDelegate : Multiple Spring Data modules found, entering strict repository configuration mode
2023-08-17 10:15:44.858  INFO 21656 --- [restartedMain] .s.d.r.c.RepositoryConfigurationDelegate : Bootstrapping Spring Data JDBC repositories in DEFAULT mode.
2023-08-17 10:15:44.873  INFO 21656 --- [restartedMain] .s.d.r.c.RepositoryConfigurationDelegate : Finished Spring Data repository scanning in 9 ms. Found 0 JDBC repository interfaces.
2023-08-17 10:15:44.888  INFO 21656 --- [restartedMain] .s.d.r.c.RepositoryConfigurationDelegate : Multiple Spring Data modules found, entering strict repository configuration mode
2023-08-17 10:15:44.889  INFO 21656 --- [restartedMain] .s.d.r.c.RepositoryConfigurationDelegate : Bootstrapping Spring Data Redis repositories in DEFAULT mode.
2023-08-17 10:15:44.900  INFO 21656 --- [restartedMain] .s.d.r.c.RepositoryConfigurationDelegate : Finished Spring Data repository scanning in 1 ms. Found 0 Redis repository interfaces.
2023-08-17 10:15:45.943  INFO 21656 --- [restartedMain] o.s.b.w.embedded.tomcat.TomcatWebServer  : Tomcat initialized with port(s): 8080 (http)
2023-08-17 10:15:45.955  INFO 21656 --- [restartedMain] o.apache.catalina.core.StandardService   : Starting service [Tomcat]
2023-08-17 10:15:45.955  INFO 21656 --- [restartedMain] org.apache.catalina.core.StandardEngine  : Starting Servlet engine: [Apache Tomcat/9.0.71]
2023-08-17 10:15:46.088  INFO 21656 --- [restartedMain] o.a.c.c.C.[Tomcat].[localhost].[/]       : Initializing Spring embedded WebApplicationContext
2023-08-17 10:15:46.088  INFO 21656 --- [restartedMain] w.s.c.ServletWebServerApplicationContext : Root WebApplicationContext: initialization completed in 2212 ms
2023-08-17 10:15:46.456  INFO 21656 --- [restartedMain] c.a.d.s.b.a.DruidDataSourceAutoConfigure : Init DruidDataSource
2023-08-17 10:15:47.172  INFO 21656 --- [restartedMain] com.alibaba.druid.pool.DruidDataSource   : {dataSource-1} inited
2023-08-17 10:15:47.983  WARN 21656 --- [restartedMain] ConfigServletWebServerApplicationContext : Exception encountered during context initialization - cancelling refresh attempt: org.springframework.beans.factory.UnsatisfiedDependencyException: Error creating bean with name 'accountBizImpl': Unsatisfied dependency expressed through field 'redisTemplate'; nested exception is org.springframework.beans.factory.NoSuchBeanDefinitionException: No qualifying bean of type 'org.springframework.data.redis.core.RedisTemplate<java.lang.String, com.yc.bean.OpRecord>' available: expected at least 1 bean which qualifies as autowire candidate. Dependency annotations: {@org.springframework.beans.factory.annotation.Autowired(required=true)}
2023-08-17 10:15:47.983  INFO 21656 --- [restartedMain] com.alibaba.druid.pool.DruidDataSource   : {dataSource-1} closing ...
2023-08-17 10:15:47.987  INFO 21656 --- [restartedMain] com.alibaba.druid.pool.DruidDataSource   : {dataSource-1} closed
2023-08-17 10:15:47.989  INFO 21656 --- [restartedMain] o.apache.catalina.core.StandardService   : Stopping service [Tomcat]
2023-08-17 10:15:48.000  INFO 21656 --- [restartedMain] ConditionEvaluationReportLoggingListener : 

Error starting ApplicationContext. To display the conditions report re-run your application with 'debug' enabled.
2023-08-17 10:15:48.027 ERROR 21656 --- [restartedMain] o.s.b.d.LoggingFailureAnalysisReporter   : 

***************************
APPLICATION FAILED TO START
***************************

Description:

Field redisTemplate in com.yc.biz.AccountBizImpl required a bean of type 'org.springframework.data.redis.core.RedisTemplate' that could not be found.

The injection point has the following annotations:
	- @org.springframework.beans.factory.annotation.Autowired(required=true)


Action:

Consider defining a bean of type 'org.springframework.data.redis.core.RedisTemplate' in your configuration.

2023-08-17 10:17:07.622  INFO 21300 --- [restartedMain] com.yc.AppMain                           : Starting AppMain using Java 1.8.0_65 on LAPTOP-OC989JC0 with PID 21300 (D:\ideaProject\boot125_2\target\classes started by 回忆 in D:\ideaProject\boot125_2)
2023-08-17 10:17:07.623  INFO 21300 --- [restartedMain] com.yc.AppMain                           : No active profile set, falling back to 1 default profile: "default"
2023-08-17 10:17:07.669  INFO 21300 --- [restartedMain] .e.DevToolsPropertyDefaultsPostProcessor : Devtools property defaults active! Set 'spring.devtools.add-properties' to 'false' to disable
2023-08-17 10:17:07.669  INFO 21300 --- [restartedMain] .e.DevToolsPropertyDefaultsPostProcessor : For additional web related logging consider setting the 'logging.level.web' property to 'DEBUG'
2023-08-17 10:17:08.594  INFO 21300 --- [restartedMain] .s.d.r.c.RepositoryConfigurationDelegate : Multiple Spring Data modules found, entering strict repository configuration mode
2023-08-17 10:17:08.595  INFO 21300 --- [restartedMain] .s.d.r.c.RepositoryConfigurationDelegate : Bootstrapping Spring Data JDBC repositories in DEFAULT mode.
2023-08-17 10:17:08.607  INFO 21300 --- [restartedMain] .s.d.r.c.RepositoryConfigurationDelegate : Finished Spring Data repository scanning in 7 ms. Found 0 JDBC repository interfaces.
2023-08-17 10:17:08.618  INFO 21300 --- [restartedMain] .s.d.r.c.RepositoryConfigurationDelegate : Multiple Spring Data modules found, entering strict repository configuration mode
2023-08-17 10:17:08.619  INFO 21300 --- [restartedMain] .s.d.r.c.RepositoryConfigurationDelegate : Bootstrapping Spring Data Redis repositories in DEFAULT mode.
2023-08-17 10:17:08.628  INFO 21300 --- [restartedMain] .s.d.r.c.RepositoryConfigurationDelegate : Finished Spring Data repository scanning in 1 ms. Found 0 Redis repository interfaces.
2023-08-17 10:17:09.181  INFO 21300 --- [restartedMain] o.s.b.w.embedded.tomcat.TomcatWebServer  : Tomcat initialized with port(s): 8080 (http)
2023-08-17 10:17:09.189  INFO 21300 --- [restartedMain] o.apache.catalina.core.StandardService   : Starting service [Tomcat]
2023-08-17 10:17:09.189  INFO 21300 --- [restartedMain] org.apache.catalina.core.StandardEngine  : Starting Servlet engine: [Apache Tomcat/9.0.71]
2023-08-17 10:17:09.272  INFO 21300 --- [restartedMain] o.a.c.c.C.[Tomcat].[localhost].[/]       : Initializing Spring embedded WebApplicationContext
2023-08-17 10:17:09.272  INFO 21300 --- [restartedMain] w.s.c.ServletWebServerApplicationContext : Root WebApplicationContext: initialization completed in 1602 ms
2023-08-17 10:17:09.465  INFO 21300 --- [restartedMain] c.a.d.s.b.a.DruidDataSourceAutoConfigure : Init DruidDataSource
2023-08-17 10:17:09.877  INFO 21300 --- [restartedMain] com.alibaba.druid.pool.DruidDataSource   : {dataSource-1} inited
2023-08-17 10:17:10.529  WARN 21300 --- [restartedMain] ConfigServletWebServerApplicationContext : Exception encountered during context initialization - cancelling refresh attempt: org.springframework.beans.factory.UnsatisfiedDependencyException: Error creating bean with name 'accountBizImpl': Unsatisfied dependency expressed through field 'redisTemplate'; nested exception is org.springframework.beans.factory.NoSuchBeanDefinitionException: No qualifying bean of type 'org.springframework.data.redis.core.RedisTemplate<java.lang.String, com.yc.bean.OpRecord>' available: expected at least 1 bean which qualifies as autowire candidate. Dependency annotations: {@org.springframework.beans.factory.annotation.Autowired(required=true)}
2023-08-17 10:17:10.529  INFO 21300 --- [restartedMain] com.alibaba.druid.pool.DruidDataSource   : {dataSource-1} closing ...
2023-08-17 10:17:10.533  INFO 21300 --- [restartedMain] com.alibaba.druid.pool.DruidDataSource   : {dataSource-1} closed
2023-08-17 10:17:10.535  INFO 21300 --- [restartedMain] o.apache.catalina.core.StandardService   : Stopping service [Tomcat]
2023-08-17 10:17:10.546  INFO 21300 --- [restartedMain] ConditionEvaluationReportLoggingListener : 

Error starting ApplicationContext. To display the conditions report re-run your application with 'debug' enabled.
2023-08-17 10:17:10.567 ERROR 21300 --- [restartedMain] o.s.b.d.LoggingFailureAnalysisReporter   : 

***************************
APPLICATION FAILED TO START
***************************

Description:

Field redisTemplate in com.yc.biz.AccountBizImpl required a bean of type 'org.springframework.data.redis.core.RedisTemplate' that could not be found.

The injection point has the following annotations:
	- @org.springframework.beans.factory.annotation.Autowired(required=true)


Action:

Consider defining a bean of type 'org.springframework.data.redis.core.RedisTemplate' in your configuration.

2023-08-17 10:18:39.116  INFO 16612 --- [restartedMain] com.yc.AppMain                           : Starting AppMain using Java 1.8.0_65 on LAPTOP-OC989JC0 with PID 16612 (D:\ideaProject\boot125_2\target\classes started by 回忆 in D:\ideaProject\boot125_2)
2023-08-17 10:18:39.118  INFO 16612 --- [restartedMain] com.yc.AppMain                           : No active profile set, falling back to 1 default profile: "default"
2023-08-17 10:18:39.166  INFO 16612 --- [restartedMain] .e.DevToolsPropertyDefaultsPostProcessor : Devtools property defaults active! Set 'spring.devtools.add-properties' to 'false' to disable
2023-08-17 10:18:39.166  INFO 16612 --- [restartedMain] .e.DevToolsPropertyDefaultsPostProcessor : For additional web related logging consider setting the 'logging.level.web' property to 'DEBUG'
2023-08-17 10:18:40.069  INFO 16612 --- [restartedMain] .s.d.r.c.RepositoryConfigurationDelegate : Multiple Spring Data modules found, entering strict repository configuration mode
2023-08-17 10:18:40.070  INFO 16612 --- [restartedMain] .s.d.r.c.RepositoryConfigurationDelegate : Bootstrapping Spring Data JDBC repositories in DEFAULT mode.
2023-08-17 10:18:40.080  INFO 16612 --- [restartedMain] .s.d.r.c.RepositoryConfigurationDelegate : Finished Spring Data repository scanning in 6 ms. Found 0 JDBC repository interfaces.
2023-08-17 10:18:40.090  INFO 16612 --- [restartedMain] .s.d.r.c.RepositoryConfigurationDelegate : Multiple Spring Data modules found, entering strict repository configuration mode
2023-08-17 10:18:40.091  INFO 16612 --- [restartedMain] .s.d.r.c.RepositoryConfigurationDelegate : Bootstrapping Spring Data Redis repositories in DEFAULT mode.
2023-08-17 10:18:40.100  INFO 16612 --- [restartedMain] .s.d.r.c.RepositoryConfigurationDelegate : Finished Spring Data repository scanning in 1 ms. Found 0 Redis repository interfaces.
2023-08-17 10:18:40.640  INFO 16612 --- [restartedMain] o.s.b.w.embedded.tomcat.TomcatWebServer  : Tomcat initialized with port(s): 8080 (http)
2023-08-17 10:18:40.648  INFO 16612 --- [restartedMain] o.apache.catalina.core.StandardService   : Starting service [Tomcat]
2023-08-17 10:18:40.649  INFO 16612 --- [restartedMain] org.apache.catalina.core.StandardEngine  : Starting Servlet engine: [Apache Tomcat/9.0.71]
2023-08-17 10:18:40.729  INFO 16612 --- [restartedMain] o.a.c.c.C.[Tomcat].[localhost].[/]       : Initializing Spring embedded WebApplicationContext
2023-08-17 10:18:40.729  INFO 16612 --- [restartedMain] w.s.c.ServletWebServerApplicationContext : Root WebApplicationContext: initialization completed in 1562 ms
2023-08-17 10:18:40.959  INFO 16612 --- [restartedMain] c.a.d.s.b.a.DruidDataSourceAutoConfigure : Init DruidDataSource
2023-08-17 10:18:41.361  INFO 16612 --- [restartedMain] com.alibaba.druid.pool.DruidDataSource   : {dataSource-1} inited
2023-08-17 10:18:42.600  INFO 16612 --- [restartedMain] o.s.b.d.a.OptionalLiveReloadServer       : LiveReload server is running on port 35729
2023-08-17 10:18:42.974  INFO 16612 --- [restartedMain] org.quartz.impl.StdSchedulerFactory      : Using default implementation for ThreadExecutor
2023-08-17 10:18:42.983  INFO 16612 --- [restartedMain] org.quartz.core.SchedulerSignalerImpl    : Initialized Scheduler Signaller of type: class org.quartz.core.SchedulerSignalerImpl
2023-08-17 10:18:42.983  INFO 16612 --- [restartedMain] org.quartz.core.QuartzScheduler          : Quartz Scheduler v.2.3.2 created.
2023-08-17 10:18:42.984  INFO 16612 --- [restartedMain] org.quartz.simpl.RAMJobStore             : RAMJobStore initialized.
2023-08-17 10:18:42.984  INFO 16612 --- [restartedMain] org.quartz.core.QuartzScheduler          : Scheduler meta-data: Quartz Scheduler (v2.3.2) 'quartzScheduler' with instanceId 'NON_CLUSTERED'
  Scheduler class: 'org.quartz.core.QuartzScheduler' - running locally.
  NOT STARTED.
  Currently in standby mode.
  Number of jobs executed: 0
  Using thread pool 'org.quartz.simpl.SimpleThreadPool' - with 10 threads.
  Using job-store 'org.quartz.simpl.RAMJobStore' - which does not support persistence. and is not clustered.

2023-08-17 10:18:42.984  INFO 16612 --- [restartedMain] org.quartz.impl.StdSchedulerFactory      : Quartz scheduler 'quartzScheduler' initialized from an externally provided properties instance.
2023-08-17 10:18:42.984  INFO 16612 --- [restartedMain] org.quartz.impl.StdSchedulerFactory      : Quartz scheduler version: 2.3.2
2023-08-17 10:18:42.985  INFO 16612 --- [restartedMain] org.quartz.core.QuartzScheduler          : JobFactory set to: org.springframework.scheduling.quartz.SpringBeanJobFactory@609b8a4e
2023-08-17 10:18:43.052  INFO 16612 --- [restartedMain] o.s.b.w.embedded.tomcat.TomcatWebServer  : Tomcat started on port(s): 8080 (http) with context path ''
2023-08-17 10:18:43.193  INFO 16612 --- [restartedMain] o.s.s.quartz.SchedulerFactoryBean        : Starting Quartz Scheduler now
2023-08-17 10:18:43.195  INFO 16612 --- [restartedMain] org.quartz.core.QuartzScheduler          : Scheduler quartzScheduler_$_NON_CLUSTERED started.
2023-08-17 10:18:43.206  INFO 16612 --- [restartedMain] com.yc.AppMain                           : Started AppMain in 4.57 seconds (JVM running for 5.754)
2023-08-17 10:19:11.762  INFO 16612 --- [http-nio-8080-exec-1] o.a.c.c.C.[Tomcat].[localhost].[/]       : Initializing Spring DispatcherServlet 'dispatcherServlet'
2023-08-17 10:19:11.762  INFO 16612 --- [http-nio-8080-exec-1] o.s.web.servlet.DispatcherServlet        : Initializing Servlet 'dispatcherServlet'
2023-08-17 10:19:11.765  INFO 16612 --- [http-nio-8080-exec-1] o.s.web.servlet.DispatcherServlet        : Completed initialization in 3 ms
2023-08-17 10:22:47.803 ERROR 16612 --- [http-nio-8080-exec-2] com.yc.biz.AccountBizImpl                : 待查询的日志格式不正确，原格式为:yyyy-MM-dd
2023-08-17 10:23:02.225 ERROR 16612 --- [http-nio-8080-exec-10] com.yc.biz.AccountBizImpl                : 待查询的日志格式不正确，原格式为:yyyy-MM-dd
2023-08-17 10:27:07.899  INFO 21516 --- [restartedMain] com.yc.AppMain                           : Starting AppMain using Java 1.8.0_65 on LAPTOP-OC989JC0 with PID 21516 (D:\ideaProject\boot125_2\target\classes started by 回忆 in D:\ideaProject\boot125_2)
2023-08-17 10:27:07.900  INFO 21516 --- [restartedMain] com.yc.AppMain                           : No active profile set, falling back to 1 default profile: "default"
2023-08-17 10:27:07.952  INFO 21516 --- [restartedMain] .e.DevToolsPropertyDefaultsPostProcessor : Devtools property defaults active! Set 'spring.devtools.add-properties' to 'false' to disable
2023-08-17 10:27:07.953  INFO 21516 --- [restartedMain] .e.DevToolsPropertyDefaultsPostProcessor : For additional web related logging consider setting the 'logging.level.web' property to 'DEBUG'
2023-08-17 10:27:08.734  INFO 21516 --- [restartedMain] .s.d.r.c.RepositoryConfigurationDelegate : Multiple Spring Data modules found, entering strict repository configuration mode
2023-08-17 10:27:08.735  INFO 21516 --- [restartedMain] .s.d.r.c.RepositoryConfigurationDelegate : Bootstrapping Spring Data JDBC repositories in DEFAULT mode.
2023-08-17 10:27:08.745  INFO 21516 --- [restartedMain] .s.d.r.c.RepositoryConfigurationDelegate : Finished Spring Data repository scanning in 6 ms. Found 0 JDBC repository interfaces.
2023-08-17 10:27:08.756  INFO 21516 --- [restartedMain] .s.d.r.c.RepositoryConfigurationDelegate : Multiple Spring Data modules found, entering strict repository configuration mode
2023-08-17 10:27:08.757  INFO 21516 --- [restartedMain] .s.d.r.c.RepositoryConfigurationDelegate : Bootstrapping Spring Data Redis repositories in DEFAULT mode.
2023-08-17 10:27:08.766  INFO 21516 --- [restartedMain] .s.d.r.c.RepositoryConfigurationDelegate : Finished Spring Data repository scanning in 1 ms. Found 0 Redis repository interfaces.
2023-08-17 10:27:09.513  INFO 21516 --- [restartedMain] o.s.b.w.embedded.tomcat.TomcatWebServer  : Tomcat initialized with port(s): 8080 (http)
2023-08-17 10:27:09.520  INFO 21516 --- [restartedMain] o.apache.catalina.core.StandardService   : Starting service [Tomcat]
2023-08-17 10:27:09.520  INFO 21516 --- [restartedMain] org.apache.catalina.core.StandardEngine  : Starting Servlet engine: [Apache Tomcat/9.0.71]
2023-08-17 10:27:09.605  INFO 21516 --- [restartedMain] o.a.c.c.C.[Tomcat].[localhost].[/]       : Initializing Spring embedded WebApplicationContext
2023-08-17 10:27:09.605  INFO 21516 --- [restartedMain] w.s.c.ServletWebServerApplicationContext : Root WebApplicationContext: initialization completed in 1651 ms
2023-08-17 10:27:09.803  INFO 21516 --- [restartedMain] c.a.d.s.b.a.DruidDataSourceAutoConfigure : Init DruidDataSource
2023-08-17 10:27:10.185  INFO 21516 --- [restartedMain] com.alibaba.druid.pool.DruidDataSource   : {dataSource-1} inited
2023-08-17 10:27:11.419  INFO 21516 --- [restartedMain] o.s.b.d.a.OptionalLiveReloadServer       : LiveReload server is running on port 35729
2023-08-17 10:27:11.757  INFO 21516 --- [restartedMain] org.quartz.impl.StdSchedulerFactory      : Using default implementation for ThreadExecutor
2023-08-17 10:27:11.765  INFO 21516 --- [restartedMain] org.quartz.core.SchedulerSignalerImpl    : Initialized Scheduler Signaller of type: class org.quartz.core.SchedulerSignalerImpl
2023-08-17 10:27:11.765  INFO 21516 --- [restartedMain] org.quartz.core.QuartzScheduler          : Quartz Scheduler v.2.3.2 created.
2023-08-17 10:27:11.766  INFO 21516 --- [restartedMain] org.quartz.simpl.RAMJobStore             : RAMJobStore initialized.
2023-08-17 10:27:11.766  INFO 21516 --- [restartedMain] org.quartz.core.QuartzScheduler          : Scheduler meta-data: Quartz Scheduler (v2.3.2) 'quartzScheduler' with instanceId 'NON_CLUSTERED'
  Scheduler class: 'org.quartz.core.QuartzScheduler' - running locally.
  NOT STARTED.
  Currently in standby mode.
  Number of jobs executed: 0
  Using thread pool 'org.quartz.simpl.SimpleThreadPool' - with 10 threads.
  Using job-store 'org.quartz.simpl.RAMJobStore' - which does not support persistence. and is not clustered.

2023-08-17 10:27:11.767  INFO 21516 --- [restartedMain] org.quartz.impl.StdSchedulerFactory      : Quartz scheduler 'quartzScheduler' initialized from an externally provided properties instance.
2023-08-17 10:27:11.767  INFO 21516 --- [restartedMain] org.quartz.impl.StdSchedulerFactory      : Quartz scheduler version: 2.3.2
2023-08-17 10:27:11.767  INFO 21516 --- [restartedMain] org.quartz.core.QuartzScheduler          : JobFactory set to: org.springframework.scheduling.quartz.SpringBeanJobFactory@3edd9d83
2023-08-17 10:27:11.834  INFO 21516 --- [restartedMain] o.s.b.w.embedded.tomcat.TomcatWebServer  : Tomcat started on port(s): 8080 (http) with context path ''
2023-08-17 10:27:11.982  INFO 21516 --- [restartedMain] o.s.s.quartz.SchedulerFactoryBean        : Starting Quartz Scheduler now
2023-08-17 10:27:11.982  INFO 21516 --- [restartedMain] org.quartz.core.QuartzScheduler          : Scheduler quartzScheduler_$_NON_CLUSTERED started.
2023-08-17 10:27:11.994  INFO 21516 --- [restartedMain] com.yc.AppMain                           : Started AppMain in 4.568 seconds (JVM running for 5.969)
2023-08-17 10:27:15.286  INFO 21516 --- [http-nio-8080-exec-1] o.a.c.c.C.[Tomcat].[localhost].[/]       : Initializing Spring DispatcherServlet 'dispatcherServlet'
2023-08-17 10:27:15.286  INFO 21516 --- [http-nio-8080-exec-1] o.s.web.servlet.DispatcherServlet        : Initializing Servlet 'dispatcherServlet'
2023-08-17 10:27:15.288  INFO 21516 --- [http-nio-8080-exec-1] o.s.web.servlet.DispatcherServlet        : Completed initialization in 2 ms
2023-08-17 10:29:08.439  INFO 19588 --- [restartedMain] com.yc.AppMain                           : Starting AppMain using Java 1.8.0_65 on LAPTOP-OC989JC0 with PID 19588 (D:\ideaProject\boot125_2\target\classes started by 回忆 in D:\ideaProject\boot125_2)
2023-08-17 10:29:08.439  INFO 19588 --- [restartedMain] com.yc.AppMain                           : No active profile set, falling back to 1 default profile: "default"
2023-08-17 10:29:08.486  INFO 19588 --- [restartedMain] .e.DevToolsPropertyDefaultsPostProcessor : Devtools property defaults active! Set 'spring.devtools.add-properties' to 'false' to disable
2023-08-17 10:29:08.486  INFO 19588 --- [restartedMain] .e.DevToolsPropertyDefaultsPostProcessor : For additional web related logging consider setting the 'logging.level.web' property to 'DEBUG'
2023-08-17 10:29:09.491  INFO 19588 --- [restartedMain] .s.d.r.c.RepositoryConfigurationDelegate : Multiple Spring Data modules found, entering strict repository configuration mode
2023-08-17 10:29:09.506  INFO 19588 --- [restartedMain] .s.d.r.c.RepositoryConfigurationDelegate : Bootstrapping Spring Data JDBC repositories in DEFAULT mode.
2023-08-17 10:29:09.506  INFO 19588 --- [restartedMain] .s.d.r.c.RepositoryConfigurationDelegate : Finished Spring Data repository scanning in 6 ms. Found 0 JDBC repository interfaces.
2023-08-17 10:29:09.529  INFO 19588 --- [restartedMain] .s.d.r.c.RepositoryConfigurationDelegate : Multiple Spring Data modules found, entering strict repository configuration mode
2023-08-17 10:29:09.529  INFO 19588 --- [restartedMain] .s.d.r.c.RepositoryConfigurationDelegate : Bootstrapping Spring Data Redis repositories in DEFAULT mode.
2023-08-17 10:29:09.538  INFO 19588 --- [restartedMain] .s.d.r.c.RepositoryConfigurationDelegate : Finished Spring Data repository scanning in 2 ms. Found 0 Redis repository interfaces.
2023-08-17 10:29:10.270  INFO 19588 --- [restartedMain] o.s.b.w.embedded.tomcat.TomcatWebServer  : Tomcat initialized with port(s): 8080 (http)
2023-08-17 10:29:10.270  INFO 19588 --- [restartedMain] o.apache.catalina.core.StandardService   : Starting service [Tomcat]
2023-08-17 10:29:10.270  INFO 19588 --- [restartedMain] org.apache.catalina.core.StandardEngine  : Starting Servlet engine: [Apache Tomcat/9.0.71]
2023-08-17 10:29:10.364  INFO 19588 --- [restartedMain] o.a.c.c.C.[Tomcat].[localhost].[/]       : Initializing Spring embedded WebApplicationContext
2023-08-17 10:29:10.364  INFO 19588 --- [restartedMain] w.s.c.ServletWebServerApplicationContext : Root WebApplicationContext: initialization completed in 1878 ms
2023-08-17 10:29:10.553  INFO 19588 --- [restartedMain] c.a.d.s.b.a.DruidDataSourceAutoConfigure : Init DruidDataSource
2023-08-17 10:29:10.974  INFO 19588 --- [restartedMain] com.alibaba.druid.pool.DruidDataSource   : {dataSource-1} inited
2023-08-17 10:29:12.406  INFO 19588 --- [restartedMain] o.s.b.d.a.OptionalLiveReloadServer       : LiveReload server is running on port 35729
2023-08-17 10:29:12.738  INFO 19588 --- [restartedMain] org.quartz.impl.StdSchedulerFactory      : Using default implementation for ThreadExecutor
2023-08-17 10:29:12.754  INFO 19588 --- [restartedMain] org.quartz.core.SchedulerSignalerImpl    : Initialized Scheduler Signaller of type: class org.quartz.core.SchedulerSignalerImpl
2023-08-17 10:29:12.754  INFO 19588 --- [restartedMain] org.quartz.core.QuartzScheduler          : Quartz Scheduler v.2.3.2 created.
2023-08-17 10:29:12.754  INFO 19588 --- [restartedMain] org.quartz.simpl.RAMJobStore             : RAMJobStore initialized.
2023-08-17 10:29:12.754  INFO 19588 --- [restartedMain] org.quartz.core.QuartzScheduler          : Scheduler meta-data: Quartz Scheduler (v2.3.2) 'quartzScheduler' with instanceId 'NON_CLUSTERED'
  Scheduler class: 'org.quartz.core.QuartzScheduler' - running locally.
  NOT STARTED.
  Currently in standby mode.
  Number of jobs executed: 0
  Using thread pool 'org.quartz.simpl.SimpleThreadPool' - with 10 threads.
  Using job-store 'org.quartz.simpl.RAMJobStore' - which does not support persistence. and is not clustered.

2023-08-17 10:29:12.754  INFO 19588 --- [restartedMain] org.quartz.impl.StdSchedulerFactory      : Quartz scheduler 'quartzScheduler' initialized from an externally provided properties instance.
2023-08-17 10:29:12.754  INFO 19588 --- [restartedMain] org.quartz.impl.StdSchedulerFactory      : Quartz scheduler version: 2.3.2
2023-08-17 10:29:12.754  INFO 19588 --- [restartedMain] org.quartz.core.QuartzScheduler          : JobFactory set to: org.springframework.scheduling.quartz.SpringBeanJobFactory@326f118a
2023-08-17 10:29:12.848  INFO 19588 --- [restartedMain] o.s.b.w.embedded.tomcat.TomcatWebServer  : Tomcat started on port(s): 8080 (http) with context path ''
2023-08-17 10:29:12.990  INFO 19588 --- [http-nio-8080-exec-1] o.a.c.c.C.[Tomcat].[localhost].[/]       : Initializing Spring DispatcherServlet 'dispatcherServlet'
2023-08-17 10:29:12.990  INFO 19588 --- [http-nio-8080-exec-1] o.s.web.servlet.DispatcherServlet        : Initializing Servlet 'dispatcherServlet'
2023-08-17 10:29:13.006  INFO 19588 --- [http-nio-8080-exec-1] o.s.web.servlet.DispatcherServlet        : Completed initialization in 16 ms
2023-08-17 10:29:13.037  INFO 19588 --- [restartedMain] o.s.s.quartz.SchedulerFactoryBean        : Starting Quartz Scheduler now
2023-08-17 10:29:13.037  INFO 19588 --- [restartedMain] org.quartz.core.QuartzScheduler          : Scheduler quartzScheduler_$_NON_CLUSTERED started.
2023-08-17 10:29:13.053  INFO 19588 --- [restartedMain] com.yc.AppMain                           : Started AppMain in 5.149 seconds (JVM running for 6.549)
2023-08-17 10:31:20.515  INFO 19588 --- [http-nio-8080-exec-10] com.yc.biz.AccountBizImpl                : 从缓存的键：2023-08-17,取出的值list为:[[OpRecord(id=50, accountid=16, opmoney=1000.0, optime=2023-08-17 00:00:00, optype=DEPOSITE, transferid=null)]]
2023-08-17 10:33:23.961  INFO 19128 --- [restartedMain] com.yc.AppMain                           : Starting AppMain using Java 1.8.0_65 on LAPTOP-OC989JC0 with PID 19128 (D:\ideaProject\boot125_2\target\classes started by 回忆 in D:\ideaProject\boot125_2)
2023-08-17 10:33:23.977  INFO 19128 --- [restartedMain] com.yc.AppMain                           : No active profile set, falling back to 1 default profile: "default"
2023-08-17 10:33:24.040  INFO 19128 --- [restartedMain] .e.DevToolsPropertyDefaultsPostProcessor : Devtools property defaults active! Set 'spring.devtools.add-properties' to 'false' to disable
2023-08-17 10:33:24.040  INFO 19128 --- [restartedMain] .e.DevToolsPropertyDefaultsPostProcessor : For additional web related logging consider setting the 'logging.level.web' property to 'DEBUG'
2023-08-17 10:33:24.745  INFO 19128 --- [restartedMain] .s.d.r.c.RepositoryConfigurationDelegate : Multiple Spring Data modules found, entering strict repository configuration mode
2023-08-17 10:33:24.745  INFO 19128 --- [restartedMain] .s.d.r.c.RepositoryConfigurationDelegate : Bootstrapping Spring Data JDBC repositories in DEFAULT mode.
2023-08-17 10:33:24.761  INFO 19128 --- [restartedMain] .s.d.r.c.RepositoryConfigurationDelegate : Finished Spring Data repository scanning in 6 ms. Found 0 JDBC repository interfaces.
2023-08-17 10:33:24.761  INFO 19128 --- [restartedMain] .s.d.r.c.RepositoryConfigurationDelegate : Multiple Spring Data modules found, entering strict repository configuration mode
2023-08-17 10:33:24.761  INFO 19128 --- [restartedMain] .s.d.r.c.RepositoryConfigurationDelegate : Bootstrapping Spring Data Redis repositories in DEFAULT mode.
2023-08-17 10:33:24.777  INFO 19128 --- [restartedMain] .s.d.r.c.RepositoryConfigurationDelegate : Finished Spring Data repository scanning in 1 ms. Found 0 Redis repository interfaces.
2023-08-17 10:33:25.326  INFO 19128 --- [restartedMain] o.s.b.w.embedded.tomcat.TomcatWebServer  : Tomcat initialized with port(s): 8080 (http)
2023-08-17 10:33:25.326  INFO 19128 --- [restartedMain] o.apache.catalina.core.StandardService   : Starting service [Tomcat]
2023-08-17 10:33:25.326  INFO 19128 --- [restartedMain] org.apache.catalina.core.StandardEngine  : Starting Servlet engine: [Apache Tomcat/9.0.71]
2023-08-17 10:33:25.405  INFO 19128 --- [restartedMain] o.a.c.c.C.[Tomcat].[localhost].[/]       : Initializing Spring embedded WebApplicationContext
2023-08-17 10:33:25.405  INFO 19128 --- [restartedMain] w.s.c.ServletWebServerApplicationContext : Root WebApplicationContext: initialization completed in 1365 ms
2023-08-17 10:33:25.665  INFO 19128 --- [restartedMain] c.a.d.s.b.a.DruidDataSourceAutoConfigure : Init DruidDataSource
2023-08-17 10:33:26.048  INFO 19128 --- [restartedMain] com.alibaba.druid.pool.DruidDataSource   : {dataSource-1} inited
2023-08-17 10:33:27.243  INFO 19128 --- [restartedMain] o.s.b.d.a.OptionalLiveReloadServer       : LiveReload server is running on port 35729
2023-08-17 10:33:27.596  INFO 19128 --- [restartedMain] org.quartz.impl.StdSchedulerFactory      : Using default implementation for ThreadExecutor
2023-08-17 10:33:27.596  INFO 19128 --- [restartedMain] org.quartz.core.SchedulerSignalerImpl    : Initialized Scheduler Signaller of type: class org.quartz.core.SchedulerSignalerImpl
2023-08-17 10:33:27.596  INFO 19128 --- [restartedMain] org.quartz.core.QuartzScheduler          : Quartz Scheduler v.2.3.2 created.
2023-08-17 10:33:27.611  INFO 19128 --- [restartedMain] org.quartz.simpl.RAMJobStore             : RAMJobStore initialized.
2023-08-17 10:33:27.611  INFO 19128 --- [restartedMain] org.quartz.core.QuartzScheduler          : Scheduler meta-data: Quartz Scheduler (v2.3.2) 'quartzScheduler' with instanceId 'NON_CLUSTERED'
  Scheduler class: 'org.quartz.core.QuartzScheduler' - running locally.
  NOT STARTED.
  Currently in standby mode.
  Number of jobs executed: 0
  Using thread pool 'org.quartz.simpl.SimpleThreadPool' - with 10 threads.
  Using job-store 'org.quartz.simpl.RAMJobStore' - which does not support persistence. and is not clustered.

2023-08-17 10:33:27.611  INFO 19128 --- [restartedMain] org.quartz.impl.StdSchedulerFactory      : Quartz scheduler 'quartzScheduler' initialized from an externally provided properties instance.
2023-08-17 10:33:27.611  INFO 19128 --- [restartedMain] org.quartz.impl.StdSchedulerFactory      : Quartz scheduler version: 2.3.2
2023-08-17 10:33:27.611  INFO 19128 --- [restartedMain] org.quartz.core.QuartzScheduler          : JobFactory set to: org.springframework.scheduling.quartz.SpringBeanJobFactory@1b43ef24
2023-08-17 10:33:27.674  INFO 19128 --- [restartedMain] o.s.b.w.embedded.tomcat.TomcatWebServer  : Tomcat started on port(s): 8080 (http) with context path ''
2023-08-17 10:33:27.818  INFO 19128 --- [restartedMain] o.s.s.quartz.SchedulerFactoryBean        : Starting Quartz Scheduler now
2023-08-17 10:33:27.818  INFO 19128 --- [restartedMain] org.quartz.core.QuartzScheduler          : Scheduler quartzScheduler_$_NON_CLUSTERED started.
2023-08-17 10:33:27.849  INFO 19128 --- [restartedMain] com.yc.AppMain                           : Started AppMain in 4.422 seconds (JVM running for 5.749)
2023-08-17 10:33:47.409  INFO 19128 --- [http-nio-8080-exec-1] o.a.c.c.C.[Tomcat].[localhost].[/]       : Initializing Spring DispatcherServlet 'dispatcherServlet'
2023-08-17 10:33:47.409  INFO 19128 --- [http-nio-8080-exec-1] o.s.web.servlet.DispatcherServlet        : Initializing Servlet 'dispatcherServlet'
2023-08-17 10:33:47.409  INFO 19128 --- [http-nio-8080-exec-1] o.s.web.servlet.DispatcherServlet        : Completed initialization in 0 ms
2023-08-17 10:35:17.707  INFO 19128 --- [http-nio-8080-exec-3] com.yc.biz.AccountBizImpl                : 从缓存的键：2023-08-17,取出的值list为:[[OpRecord(id=50, accountid=16, opmoney=1000.0, optime=2023-08-17 00:00:00, optype=DEPOSITE, transferid=null), OpRecord(id=51, accountid=17, opmoney=900.0, optime=2023-08-17 00:00:00, optype=DEPOSITE, transferid=null)]]
2023-08-17 15:48:36.160  INFO 324 --- [restartedMain] com.yc.AppMain                           : Starting AppMain using Java 1.8.0_65 on LAPTOP-OC989JC0 with PID 324 (D:\ideaProject\boot125_2\target\classes started by 回忆 in D:\ideaProject\boot125_2)
2023-08-17 15:48:36.164  INFO 324 --- [restartedMain] com.yc.AppMain                           : No active profile set, falling back to 1 default profile: "default"
2023-08-17 15:48:36.249  INFO 324 --- [restartedMain] .e.DevToolsPropertyDefaultsPostProcessor : Devtools property defaults active! Set 'spring.devtools.add-properties' to 'false' to disable
2023-08-17 15:48:36.249  INFO 324 --- [restartedMain] .e.DevToolsPropertyDefaultsPostProcessor : For additional web related logging consider setting the 'logging.level.web' property to 'DEBUG'
2023-08-17 15:48:37.203  INFO 324 --- [restartedMain] .s.d.r.c.RepositoryConfigurationDelegate : Multiple Spring Data modules found, entering strict repository configuration mode
2023-08-17 15:48:37.204  INFO 324 --- [restartedMain] .s.d.r.c.RepositoryConfigurationDelegate : Bootstrapping Spring Data JDBC repositories in DEFAULT mode.
2023-08-17 15:48:37.216  INFO 324 --- [restartedMain] .s.d.r.c.RepositoryConfigurationDelegate : Finished Spring Data repository scanning in 7 ms. Found 0 JDBC repository interfaces.
2023-08-17 15:48:37.228  INFO 324 --- [restartedMain] .s.d.r.c.RepositoryConfigurationDelegate : Multiple Spring Data modules found, entering strict repository configuration mode
2023-08-17 15:48:37.229  INFO 324 --- [restartedMain] .s.d.r.c.RepositoryConfigurationDelegate : Bootstrapping Spring Data Redis repositories in DEFAULT mode.
2023-08-17 15:48:37.240  INFO 324 --- [restartedMain] .s.d.r.c.RepositoryConfigurationDelegate : Finished Spring Data repository scanning in 1 ms. Found 0 Redis repository interfaces.
2023-08-17 15:48:38.163  INFO 324 --- [restartedMain] o.s.b.w.embedded.tomcat.TomcatWebServer  : Tomcat initialized with port(s): 8080 (http)
2023-08-17 15:48:38.173  INFO 324 --- [restartedMain] o.apache.catalina.core.StandardService   : Starting service [Tomcat]
2023-08-17 15:48:38.174  INFO 324 --- [restartedMain] org.apache.catalina.core.StandardEngine  : Starting Servlet engine: [Apache Tomcat/9.0.71]
2023-08-17 15:48:38.258  INFO 324 --- [restartedMain] o.a.c.c.C.[Tomcat].[localhost].[/]       : Initializing Spring embedded WebApplicationContext
2023-08-17 15:48:38.258  INFO 324 --- [restartedMain] w.s.c.ServletWebServerApplicationContext : Root WebApplicationContext: initialization completed in 2007 ms
2023-08-17 15:48:38.736  INFO 324 --- [restartedMain] c.a.d.s.b.a.DruidDataSourceAutoConfigure : Init DruidDataSource
2023-08-17 15:48:39.183  INFO 324 --- [restartedMain] com.alibaba.druid.pool.DruidDataSource   : {dataSource-1} inited
2023-08-17 15:48:40.389  INFO 324 --- [restartedMain] o.s.b.d.a.OptionalLiveReloadServer       : LiveReload server is running on port 35729
2023-08-17 15:48:40.960  INFO 324 --- [restartedMain] org.quartz.impl.StdSchedulerFactory      : Using default implementation for ThreadExecutor
2023-08-17 15:48:40.972  INFO 324 --- [restartedMain] org.quartz.core.SchedulerSignalerImpl    : Initialized Scheduler Signaller of type: class org.quartz.core.SchedulerSignalerImpl
2023-08-17 15:48:40.973  INFO 324 --- [restartedMain] org.quartz.core.QuartzScheduler          : Quartz Scheduler v.2.3.2 created.
2023-08-17 15:48:40.974  INFO 324 --- [restartedMain] org.quartz.simpl.RAMJobStore             : RAMJobStore initialized.
2023-08-17 15:48:40.974  INFO 324 --- [restartedMain] org.quartz.core.QuartzScheduler          : Scheduler meta-data: Quartz Scheduler (v2.3.2) 'quartzScheduler' with instanceId 'NON_CLUSTERED'
  Scheduler class: 'org.quartz.core.QuartzScheduler' - running locally.
  NOT STARTED.
  Currently in standby mode.
  Number of jobs executed: 0
  Using thread pool 'org.quartz.simpl.SimpleThreadPool' - with 10 threads.
  Using job-store 'org.quartz.simpl.RAMJobStore' - which does not support persistence. and is not clustered.

2023-08-17 15:48:40.975  INFO 324 --- [restartedMain] org.quartz.impl.StdSchedulerFactory      : Quartz scheduler 'quartzScheduler' initialized from an externally provided properties instance.
2023-08-17 15:48:40.975  INFO 324 --- [restartedMain] org.quartz.impl.StdSchedulerFactory      : Quartz scheduler version: 2.3.2
2023-08-17 15:48:40.975  INFO 324 --- [restartedMain] org.quartz.core.QuartzScheduler          : JobFactory set to: org.springframework.scheduling.quartz.SpringBeanJobFactory@66bd7c4f
2023-08-17 15:48:41.060  INFO 324 --- [restartedMain] o.s.b.w.embedded.tomcat.TomcatWebServer  : Tomcat started on port(s): 8080 (http) with context path ''
2023-08-17 15:48:41.233  INFO 324 --- [restartedMain] o.s.s.quartz.SchedulerFactoryBean        : Starting Quartz Scheduler now
2023-08-17 15:48:41.234  INFO 324 --- [restartedMain] org.quartz.core.QuartzScheduler          : Scheduler quartzScheduler_$_NON_CLUSTERED started.
2023-08-17 15:48:41.248  INFO 324 --- [restartedMain] com.yc.AppMain                           : Started AppMain in 5.562 seconds (JVM running for 6.814)
2023-08-17 15:56:35.945  INFO 324 --- [http-nio-8080-exec-2] o.a.c.c.C.[Tomcat].[localhost].[/]       : Initializing Spring DispatcherServlet 'dispatcherServlet'
2023-08-17 15:56:35.945  INFO 324 --- [http-nio-8080-exec-2] o.s.web.servlet.DispatcherServlet        : Initializing Servlet 'dispatcherServlet'
2023-08-17 15:56:35.946  INFO 324 --- [http-nio-8080-exec-2] o.s.web.servlet.DispatcherServlet        : Completed initialization in 1 ms
2023-08-17 15:58:25.759  INFO 324 --- [http-nio-8080-exec-7] com.yc.biz.AccountBizImpl                : 从缓存的键：2023-08-17,取出的值list为:[[OpRecord(id=50, accountid=16, opmoney=1000.0, optime=2023-08-17 00:00:00, optype=DEPOSITE, transferid=null)]]
2023-08-17 15:59:14.477  INFO 19408 --- [restartedMain] com.yc.AppMain                           : Starting AppMain using Java 1.8.0_65 on LAPTOP-OC989JC0 with PID 19408 (D:\ideaProject\boot125_2\target\classes started by 回忆 in D:\ideaProject\boot125_2)
2023-08-17 15:59:14.479  INFO 19408 --- [restartedMain] com.yc.AppMain                           : No active profile set, falling back to 1 default profile: "default"
2023-08-17 15:59:14.527  INFO 19408 --- [restartedMain] .e.DevToolsPropertyDefaultsPostProcessor : Devtools property defaults active! Set 'spring.devtools.add-properties' to 'false' to disable
2023-08-17 15:59:14.527  INFO 19408 --- [restartedMain] .e.DevToolsPropertyDefaultsPostProcessor : For additional web related logging consider setting the 'logging.level.web' property to 'DEBUG'
2023-08-17 15:59:15.319  INFO 19408 --- [restartedMain] .s.d.r.c.RepositoryConfigurationDelegate : Multiple Spring Data modules found, entering strict repository configuration mode
2023-08-17 15:59:15.320  INFO 19408 --- [restartedMain] .s.d.r.c.RepositoryConfigurationDelegate : Bootstrapping Spring Data JDBC repositories in DEFAULT mode.
2023-08-17 15:59:15.330  INFO 19408 --- [restartedMain] .s.d.r.c.RepositoryConfigurationDelegate : Finished Spring Data repository scanning in 7 ms. Found 0 JDBC repository interfaces.
2023-08-17 15:59:15.343  INFO 19408 --- [restartedMain] .s.d.r.c.RepositoryConfigurationDelegate : Multiple Spring Data modules found, entering strict repository configuration mode
2023-08-17 15:59:15.344  INFO 19408 --- [restartedMain] .s.d.r.c.RepositoryConfigurationDelegate : Bootstrapping Spring Data Redis repositories in DEFAULT mode.
2023-08-17 15:59:15.355  INFO 19408 --- [restartedMain] .s.d.r.c.RepositoryConfigurationDelegate : Finished Spring Data repository scanning in 1 ms. Found 0 Redis repository interfaces.
2023-08-17 15:59:15.974  INFO 19408 --- [restartedMain] o.s.b.w.embedded.tomcat.TomcatWebServer  : Tomcat initialized with port(s): 8080 (http)
2023-08-17 15:59:15.982  INFO 19408 --- [restartedMain] o.apache.catalina.core.StandardService   : Starting service [Tomcat]
2023-08-17 15:59:15.982  INFO 19408 --- [restartedMain] org.apache.catalina.core.StandardEngine  : Starting Servlet engine: [Apache Tomcat/9.0.71]
2023-08-17 15:59:16.053  INFO 19408 --- [restartedMain] o.a.c.c.C.[Tomcat].[localhost].[/]       : Initializing Spring embedded WebApplicationContext
2023-08-17 15:59:16.053  INFO 19408 --- [restartedMain] w.s.c.ServletWebServerApplicationContext : Root WebApplicationContext: initialization completed in 1526 ms
2023-08-17 15:59:16.447  INFO 19408 --- [restartedMain] c.a.d.s.b.a.DruidDataSourceAutoConfigure : Init DruidDataSource
2023-08-17 15:59:16.803  INFO 19408 --- [restartedMain] com.alibaba.druid.pool.DruidDataSource   : {dataSource-1} inited
2023-08-17 15:59:17.849  INFO 19408 --- [restartedMain] o.s.b.d.a.OptionalLiveReloadServer       : LiveReload server is running on port 35729
2023-08-17 15:59:18.228  INFO 19408 --- [restartedMain] org.quartz.impl.StdSchedulerFactory      : Using default implementation for ThreadExecutor
2023-08-17 15:59:18.238  INFO 19408 --- [restartedMain] org.quartz.core.SchedulerSignalerImpl    : Initialized Scheduler Signaller of type: class org.quartz.core.SchedulerSignalerImpl
2023-08-17 15:59:18.238  INFO 19408 --- [restartedMain] org.quartz.core.QuartzScheduler          : Quartz Scheduler v.2.3.2 created.
2023-08-17 15:59:18.239  INFO 19408 --- [restartedMain] org.quartz.simpl.RAMJobStore             : RAMJobStore initialized.
2023-08-17 15:59:18.240  INFO 19408 --- [restartedMain] org.quartz.core.QuartzScheduler          : Scheduler meta-data: Quartz Scheduler (v2.3.2) 'quartzScheduler' with instanceId 'NON_CLUSTERED'
  Scheduler class: 'org.quartz.core.QuartzScheduler' - running locally.
  NOT STARTED.
  Currently in standby mode.
  Number of jobs executed: 0
  Using thread pool 'org.quartz.simpl.SimpleThreadPool' - with 10 threads.
  Using job-store 'org.quartz.simpl.RAMJobStore' - which does not support persistence. and is not clustered.

2023-08-17 15:59:18.240  INFO 19408 --- [restartedMain] org.quartz.impl.StdSchedulerFactory      : Quartz scheduler 'quartzScheduler' initialized from an externally provided properties instance.
2023-08-17 15:59:18.240  INFO 19408 --- [restartedMain] org.quartz.impl.StdSchedulerFactory      : Quartz scheduler version: 2.3.2
2023-08-17 15:59:18.240  INFO 19408 --- [restartedMain] org.quartz.core.QuartzScheduler          : JobFactory set to: org.springframework.scheduling.quartz.SpringBeanJobFactory@62a319d5
2023-08-17 15:59:18.314  INFO 19408 --- [restartedMain] o.s.b.w.embedded.tomcat.TomcatWebServer  : Tomcat started on port(s): 8080 (http) with context path ''
2023-08-17 15:59:18.452  INFO 19408 --- [restartedMain] o.s.s.quartz.SchedulerFactoryBean        : Starting Quartz Scheduler now
2023-08-17 15:59:18.453  INFO 19408 --- [restartedMain] org.quartz.core.QuartzScheduler          : Scheduler quartzScheduler_$_NON_CLUSTERED started.
2023-08-17 15:59:18.463  INFO 19408 --- [restartedMain] com.yc.AppMain                           : Started AppMain in 4.373 seconds (JVM running for 5.782)
2023-08-17 15:59:33.107  INFO 19408 --- [http-nio-8080-exec-4] o.a.c.c.C.[Tomcat].[localhost].[/]       : Initializing Spring DispatcherServlet 'dispatcherServlet'
2023-08-17 15:59:33.107  INFO 19408 --- [http-nio-8080-exec-4] o.s.web.servlet.DispatcherServlet        : Initializing Servlet 'dispatcherServlet'
2023-08-17 15:59:33.109  INFO 19408 --- [http-nio-8080-exec-4] o.s.web.servlet.DispatcherServlet        : Completed initialization in 2 ms
2023-08-17 15:59:50.522  INFO 19408 --- [http-nio-8080-exec-2] com.yc.biz.AccountBizImpl                : 从缓存的键：2023-08-17,取出的值list为:[[OpRecord(id=50, accountid=16, opmoney=1000.0, optime=2023-08-17 00:00:00, optype=DEPOSITE, transferid=null), OpRecord(id=51, accountid=17, opmoney=900.0, optime=2023-08-17 00:00:00, optype=DEPOSITE, transferid=null)]]
2023-08-17 16:00:32.804  INFO 19408 --- [http-nio-8080-exec-3] com.yc.aspect.RedisUpdateAspect          : 当前执行的是：Account com.yc.biz.AccountBizImpl.deposite(int,double)清空缓存
